<?xml version="1.0" encoding="UTF-8"?>
<!-- Generated by org.testng.reporters.JUnitXMLReporter -->
<testsuite ignored="0" hostname="Santosh" failures="0" tests="3" name="Default test" time="13.669" errors="0" timestamp="2026-06-22T22:25:25 IST">
  <testcase classname="org.wipro.automation.rediffmail.testcases.RegistrationScenario_DDF" name="tc001_registration_validation_valid_Credentials" time="1.532"/>
  <testcase classname="org.wipro.automation.rediffmail.testcases.RegistrationScenario_DDF" name="tc001_registration_validation_valid_Credentials" time="1.386"/>
  <testcase classname="org.wipro.automation.rediffmail.testcases.RegistrationScenario_DDF" name="tc001_registration_validation_valid_Credentials" time="1.356"/>
</testsuite> <!-- Default test -->
