<?xml version="1.0" encoding="UTF-8"?>
<testng-results ignored="0" total="3" passed="3" failed="0" skipped="0">
  <reporter-output>
  </reporter-output>
  <suite started-at="2026-06-22T22:25:11 IST" name="Default suite" finished-at="2026-06-22T22:25:25 IST" duration-ms="13669">
    <groups>
    </groups>
    <test started-at="2026-06-22T22:25:11 IST" name="Default test" finished-at="2026-06-22T22:25:25 IST" duration-ms="13669">
      <class name="org.wipro.automation.rediffmail.testcases.RegistrationScenario_DDF">
        <test-method is-config="true" signature="launchBrowser()[pri:0, instance:org.wipro.automation.rediffmail.testcases.RegistrationScenario_DDF@6989da5e]" started-at="2026-06-22T22:25:11 IST" name="launchBrowser" finished-at="2026-06-22T22:25:15 IST" duration-ms="3281" status="PASS">
          <reporter-output>
          </reporter-output>
        </test-method> <!-- launchBrowser -->
        <test-method signature="tc001_registration_validation_valid_Credentials(java.lang.String,java.lang.String,java.lang.String)[pri:0, instance:org.wipro.automation.rediffmail.testcases.RegistrationScenario_DDF@6989da5e]" started-at="2026-06-22T22:25:15 IST" name="tc001_registration_validation_valid_Credentials" data-provider="register" finished-at="2026-06-22T22:25:16 IST" duration-ms="1532" status="PASS">
          <params>
            <param index="0">
              <value>
                <![CDATA[John]]>
              </value>
            </param>
            <param index="1">
              <value>
                <![CDATA[John@yahoo.com]]>
              </value>
            </param>
            <param index="2">
              <value>
                <![CDATA[05]]>
              </value>
            </param>
          </params>
          <reporter-output>
          </reporter-output>
        </test-method> <!-- tc001_registration_validation_valid_Credentials -->
        <test-method is-config="true" signature="closeBrowser()[pri:0, instance:org.wipro.automation.rediffmail.testcases.RegistrationScenario_DDF@6989da5e]" started-at="2026-06-22T22:25:16 IST" name="closeBrowser" finished-at="2026-06-22T22:25:16 IST" duration-ms="1" status="PASS">
          <reporter-output>
          </reporter-output>
        </test-method> <!-- closeBrowser -->
        <test-method is-config="true" signature="launchBrowser()[pri:0, instance:org.wipro.automation.rediffmail.testcases.RegistrationScenario_DDF@6989da5e]" started-at="2026-06-22T22:25:16 IST" name="launchBrowser" finished-at="2026-06-22T22:25:20 IST" duration-ms="3480" status="PASS">
          <reporter-output>
          </reporter-output>
        </test-method> <!-- launchBrowser -->
        <test-method signature="tc001_registration_validation_valid_Credentials(java.lang.String,java.lang.String,java.lang.String)[pri:0, instance:org.wipro.automation.rediffmail.testcases.RegistrationScenario_DDF@6989da5e]" started-at="2026-06-22T22:25:20 IST" name="tc001_registration_validation_valid_Credentials" data-provider="register" finished-at="2026-06-22T22:25:21 IST" duration-ms="1386" status="PASS">
          <params>
            <param index="0">
              <value>
                <![CDATA[David]]>
              </value>
            </param>
            <param index="1">
              <value>
                <![CDATA[david@yahoo.com]]>
              </value>
            </param>
            <param index="2">
              <value>
                <![CDATA[06]]>
              </value>
            </param>
          </params>
          <reporter-output>
          </reporter-output>
        </test-method> <!-- tc001_registration_validation_valid_Credentials -->
        <test-method is-config="true" signature="closeBrowser()[pri:0, instance:org.wipro.automation.rediffmail.testcases.RegistrationScenario_DDF@6989da5e]" started-at="2026-06-22T22:25:21 IST" name="closeBrowser" finished-at="2026-06-22T22:25:21 IST" duration-ms="2" status="PASS">
          <reporter-output>
          </reporter-output>
        </test-method> <!-- closeBrowser -->
        <test-method is-config="true" signature="launchBrowser()[pri:0, instance:org.wipro.automation.rediffmail.testcases.RegistrationScenario_DDF@6989da5e]" started-at="2026-06-22T22:25:21 IST" name="launchBrowser" finished-at="2026-06-22T22:25:24 IST" duration-ms="2542" status="PASS">
          <reporter-output>
          </reporter-output>
        </test-method> <!-- launchBrowser -->
        <test-method signature="tc001_registration_validation_valid_Credentials(java.lang.String,java.lang.String,java.lang.String)[pri:0, instance:org.wipro.automation.rediffmail.testcases.RegistrationScenario_DDF@6989da5e]" started-at="2026-06-22T22:25:24 IST" name="tc001_registration_validation_valid_Credentials" data-provider="register" finished-at="2026-06-22T22:25:25 IST" duration-ms="1356" status="PASS">
          <params>
            <param index="0">
              <value>
                <![CDATA[Neena]]>
              </value>
            </param>
            <param index="1">
              <value>
                <![CDATA[Neena@yahoo.com]]>
              </value>
            </param>
            <param index="2">
              <value>
                <![CDATA[07]]>
              </value>
            </param>
          </params>
          <reporter-output>
          </reporter-output>
        </test-method> <!-- tc001_registration_validation_valid_Credentials -->
        <test-method is-config="true" signature="closeBrowser()[pri:0, instance:org.wipro.automation.rediffmail.testcases.RegistrationScenario_DDF@6989da5e]" started-at="2026-06-22T22:25:25 IST" name="closeBrowser" finished-at="2026-06-22T22:25:25 IST" duration-ms="1" status="PASS">
          <reporter-output>
          </reporter-output>
        </test-method> <!-- closeBrowser -->
      </class> <!-- org.wipro.automation.rediffmail.testcases.RegistrationScenario_DDF -->
    </test> <!-- Default test -->
  </suite> <!-- Default suite -->
</testng-results>
