<?xml version="1.0" encoding="UTF-8"?>
<!-- Generated by org.testng.reporters.JUnitReportReporter -->
<testsuite hostname="Santosh" failures="0" tests="3" name="org.wipro.automation.rediffmail.testcases.RegistrationScenario_DDF" time="13.581" errors="0" timestamp="2026-06-22T22:25:26 IST" skipped="0">
  <testcase classname="org.wipro.automation.rediffmail.testcases.RegistrationScenario_DDF" name="tc001_registration_validation_valid_Credentials" time="4.814"/>
  <testcase classname="org.wipro.automation.rediffmail.testcases.RegistrationScenario_DDF" name="tc001_registration_validation_valid_Credentials" time="3.930"/>
  <testcase classname="org.wipro.automation.rediffmail.testcases.RegistrationScenario_DDF" name="tc001_registration_validation_valid_Credentials" time="4.837"/>
</testsuite> <!-- org.wipro.automation.rediffmail.testcases.RegistrationScenario_DDF -->
