<?xml version="1.0" encoding="UTF-8"?>
<!-- Generated by org.testng.reporters.JUnitReportReporter -->
<testsuite hostname="Santosh" failures="0" tests="1" name="org.wipro.automation.rediffmail.testcases.LoginScenario" time="8.639" errors="0" timestamp="2026-06-22T21:45:08 IST" skipped="0">
  <testcase classname="org.wipro.automation.rediffmail.testcases.LoginScenario" name="tc001_login_validation_valid_Credentials" time="8.639"/>
</testsuite> <!-- org.wipro.automation.rediffmail.testcases.LoginScenario -->
