<?xml version="1.0" encoding="UTF-8"?>
<!-- Generated by org.testng.reporters.JUnitReportReporter -->
<testsuite hostname="Santosh" failures="0" tests="3" name="org.wipro.automation.rediffmail.testcases.LoginScenario_DDF" time="17.953" errors="0" timestamp="2026-06-22T22:00:36 IST" skipped="0">
  <testcase classname="org.wipro.automation.rediffmail.testcases.LoginScenario_DDF" name="tc001_login_validation_valid_Credentials" time="6.852"/>
  <testcase classname="org.wipro.automation.rediffmail.testcases.LoginScenario_DDF" name="tc001_login_validation_valid_Credentials" time="3.495"/>
  <testcase classname="org.wipro.automation.rediffmail.testcases.LoginScenario_DDF" name="tc001_login_validation_valid_Credentials" time="7.606"/>
</testsuite> <!-- org.wipro.automation.rediffmail.testcases.LoginScenario_DDF -->
